🚀 GraphQL Federation Demo Setup
================================
📦 Building Docker images...
time="2025-11-28T06:33:37Z" level=warning msg="/home/systemdrllp5/git/sdir/GraphQLFederation_Multi-ServiceSchemas/graphql-federation/docker-compose.yml: the attribute `version` is obsolete, it will be ignored, please remove it to avoid potential confusion"
#1 [internal] load local bake definitions
#1 reading from stdin 3.13kB done
#1 DONE 0.0s

#2 [dashboard internal] load build definition from Dockerfile
#2 transferring dockerfile: 143B 0.0s done
#2 DONE 0.1s

#3 [dashboard internal] load metadata for docker.io/library/node:20-alpine
#3 ...

#4 [users-service internal] load build definition from Dockerfile
#4 transferring dockerfile: 143B 0.0s done
#4 DONE 0.2s

#5 [reviews-service internal] load build definition from Dockerfile
#5 transferring dockerfile: 143B done
#5 DONE 0.2s

#6 [products-service internal] load build definition from Dockerfile
#6 transferring dockerfile: 143B done
#6 DONE 0.2s

#7 [gateway internal] load build definition from Dockerfile
#7 transferring dockerfile: 143B 0.0s done
#7 DONE 0.2s

#3 [gateway internal] load metadata for docker.io/library/node:20-alpine
#3 DONE 2.9s

#8 [dashboard internal] load .dockerignore
#8 transferring context: 2B done
#8 DONE 0.0s

#9 [dashboard internal] load build context
#9 transferring context: 11.48kB 0.0s done
#9 DONE 0.1s

#10 [users-service 1/5] FROM docker.io/library/node:20-alpine@sha256:16858294071a56ffd4cce9f17b57136cc39e41507b40e245b4f8e906f7a19463
#10 resolve docker.io/library/node:20-alpine@sha256:16858294071a56ffd4cce9f17b57136cc39e41507b40e245b4f8e906f7a19463 0.1s done
#10 DONE 0.1s

#11 [users-service internal] load .dockerignore
#11 transferring context: 2B done
#11 DONE 0.2s

#12 [products-service internal] load .dockerignore
#12 transferring context: 2B done
#12 DONE 0.2s

#13 [reviews-service internal] load .dockerignore
#13 transferring context: 2B done
#13 DONE 0.2s

#14 [gateway internal] load .dockerignore
#14 transferring context: 2B done
#14 DONE 0.2s

#15 [products-service internal] load build context
#15 DONE 0.0s

#16 [users-service 2/5] WORKDIR /app
#16 CACHED

#17 [users-service internal] load build context
#17 ...

#10 [reviews-service 1/5] FROM docker.io/library/node:20-alpine@sha256:16858294071a56ffd4cce9f17b57136cc39e41507b40e245b4f8e906f7a19463
#10 resolve docker.io/library/node:20-alpine@sha256:16858294071a56ffd4cce9f17b57136cc39e41507b40e245b4f8e906f7a19463 0.1s done
#10 DONE 0.1s

#16 [reviews-service 2/5] WORKDIR /app
#16 CACHED

#17 [users-service internal] load build context
#17 transferring context: 1.98kB done
#17 DONE 0.2s

#15 [products-service internal] load build context
#15 transferring context: 2.07kB done
#15 DONE 0.2s

#18 [dashboard 3/5] COPY package*.json ./
#18 DONE 0.2s

#19 [gateway internal] load build context
#19 transferring context: 2.59kB done
#19 DONE 0.2s

#20 [reviews-service internal] load build context
#20 transferring context: 2.88kB done
#20 DONE 0.2s

#21 [reviews-service 3/5] COPY package*.json ./
#21 ...

#22 [users-service 3/5] COPY package*.json ./
#22 DONE 0.1s

#23 [products-service 3/5] COPY package*.json ./
#23 DONE 0.1s

#24 [gateway 3/5] COPY package*.json ./
#24 DONE 0.2s

#21 [reviews-service 3/5] COPY package*.json ./
#21 DONE 0.2s

#25 [reviews-service 4/5] RUN npm install
