🚀 Starting Kubernetes-Native Application Demo...
Working directory: /home/systemdrllp5/git/sdir/Kubernetes-Native_Application_Design/k8s-native-demo
✅ Docker image k8s-native-app:latest already exists
📦 Building dashboard Docker image...
#0 building with "default" instance using docker driver

#1 [internal] load build definition from Dockerfile
#1 transferring dockerfile: 334B 0.0s done
#1 WARN: FromAsCasing: 'as' and 'FROM' keywords' casing do not match (line 1)
#1 DONE 0.0s

#2 [internal] load metadata for docker.io/library/node:18-alpine
#2 DONE 0.1s

#3 [internal] load metadata for docker.io/library/nginx:alpine
#3 DONE 3.8s

#4 [internal] load .dockerignore
#4 transferring context: 2B done
#4 DONE 0.0s

#5 [internal] load build context
#5 transferring context: 10.03kB 0.0s done
#5 DONE 0.0s

#6 [stage-1 1/3] FROM docker.io/library/nginx:alpine@sha256:289decab414250121a93c3f1b8316b9c69906de3a4993757c424cb964169ad42
#6 resolve docker.io/library/nginx:alpine@sha256:289decab414250121a93c3f1b8316b9c69906de3a4993757c424cb964169ad42
#6 resolve docker.io/library/nginx:alpine@sha256:289decab414250121a93c3f1b8316b9c69906de3a4993757c424cb964169ad42 0.1s done
#6 DONE 0.1s

#7 [build 1/7] FROM docker.io/library/node:18-alpine@sha256:8d6421d663b4c28fd3ebc498332f249011d118945588d0a35cb9bc4b8ca09d9e
#7 resolve docker.io/library/node:18-alpine@sha256:8d6421d663b4c28fd3ebc498332f249011d118945588d0a35cb9bc4b8ca09d9e 0.1s done
#7 DONE 0.1s

#8 [build 2/7] WORKDIR /app
#8 CACHED

#9 [build 3/7] COPY package.json ./
#9 DONE 0.1s

#10 [build 4/7] RUN npm install
