2025-06-22 07:23:11,369 - service.user_mgmt - INFO - Completed light work in 0.133s
2025-06-22 07:23:11,514 - service.analytics - INFO - Completed light work in 0.282s
2025-06-22 07:23:11,627 - service.notification - INFO - Completed light work in 0.389s
2025-06-22 07:23:11,727 - service.payment - INFO - Completed light work in 0.503s
2025-06-22 07:23:12,242 - service.analytics - INFO - Failure rate set to 50.0%
2025-06-22 07:23:12,244 - service.analytics - INFO - Failure rate set to 0.0%
2025-06-22 07:23:13,581 - service.payment - INFO - Completed light work in 0.126s
2025-06-22 07:23:13,748 - service.payment - INFO - Completed light work in 0.498s
2025-06-22 07:23:13,749 - service.payment - INFO - Completed light work in 0.396s
2025-06-22 07:23:13,786 - service.payment - INFO - Completed light work in 0.227s
2025-06-22 07:23:13,797 - service.payment - INFO - Completed light work in 0.130s
2025-06-22 07:23:14,125 - service.analytics - INFO - Completed light work in 0.150s
2025-06-22 07:23:14,189 - service.analytics - INFO - Completed light work in 0.419s
2025-06-22 07:23:14,194 - service.analytics - INFO - Completed light work in 0.320s
2025-06-22 07:23:14,258 - service.analytics - INFO - Failure rate set to 90.0%
2025-06-22 07:23:14,605 - service.analytics - INFO - Completed light work in 0.422s
2025-06-22 07:23:14,676 - service.user_mgmt - INFO - Completed light work in 0.284s
2025-06-22 07:23:14,735 - service.user_mgmt - INFO - Completed light work in 0.138s
2025-06-22 07:23:14,752 - service.user_mgmt - INFO - Completed light work in 0.464s
2025-06-22 07:23:14,790 - service.user_mgmt - INFO - Completed light work in 0.297s
2025-06-22 07:23:14,834 - service.user_mgmt - INFO - Completed light work in 0.136s
2025-06-22 07:23:15,274 - service.notification - INFO - Completed light work in 0.472s
2025-06-22 07:23:15,333 - service.notification - INFO - Completed light work in 0.430s
2025-06-22 07:23:16,109 - service.analytics - ERROR - Failed heavy work: Simulated failure in analytics
2025-06-22 07:23:16,623 - service.payment - INFO - Completed heavy work in 2.257s
2025-06-22 07:23:16,719 - service.payment - INFO - Completed heavy work in 2.252s
2025-06-22 07:23:16,935 - service.analytics - ERROR - Failed heavy work: Simulated failure in analytics
2025-06-22 07:23:17,267 - service.analytics - INFO - Failure rate set to 0.0%
2025-06-22 07:23:17,309 - service.analytics - ERROR - Failed heavy work: Simulated failure in analytics
2025-06-22 07:23:17,832 - service.payment - INFO - Completed heavy work in 3.155s
2025-06-22 07:23:18,430 - service.user_mgmt - INFO - Completed heavy work in 2.097s
2025-06-22 07:23:19,265 - service.payment - INFO - Completed heavy work in 5.004s
2025-06-22 07:23:19,321 - service.payment - INFO - Completed heavy work in 4.750s
2025-06-22 07:23:19,503 - service.user_mgmt - INFO - Completed heavy work in 3.067s
2025-06-22 07:23:19,710 - service.analytics - INFO - Completed heavy work in 4.313s
2025-06-22 07:23:20,850 - service.notification - INFO - Completed heavy work in 3.382s
2025-06-22 07:23:20,930 - service.user_mgmt - INFO - Completed heavy work in 4.285s
2025-06-22 07:23:21,350 - service.notification - INFO - Completed heavy work in 3.986s
2025-06-22 07:23:21,400 - service.user_mgmt - INFO - Completed heavy work in 4.860s
2025-06-22 01:57:22,403 - service.notification - INFO - Completed light work in 0.211s
2025-06-22 01:57:22,434 - service.user_mgmt - INFO - Completed light work in 0.246s
2025-06-22 01:57:22,564 - service.payment - INFO - Completed light work in 0.385s
2025-06-22 01:57:22,658 - service.analytics - INFO - Completed light work in 0.474s
2025-06-22 01:57:23,208 - service.analytics - INFO - Failure rate set to 50.0%
2025-06-22 01:57:23,216 - service.analytics - INFO - Failure rate set to 0.0%
2025-06-22 01:57:24,444 - service.payment - INFO - Completed light work in 0.214s
2025-06-22 01:57:24,718 - service.payment - INFO - Completed light work in 0.383s
2025-06-22 01:57:24,788 - service.payment - INFO - Completed light work in 0.352s
2025-06-22 01:57:24,893 - service.payment - INFO - Completed light work in 0.355s
2025-06-22 01:57:24,900 - service.analytics - INFO - Completed light work in 0.157s
2025-06-22 01:57:24,952 - service.payment - INFO - Completed light work in 0.311s
2025-06-22 01:57:25,154 - service.analytics - INFO - Completed light work in 0.310s
2025-06-22 01:57:25,177 - service.analytics - INFO - Completed light work in 0.224s
2025-06-22 01:57:25,245 - service.analytics - INFO - Failure rate set to 90.0%
2025-06-22 01:57:25,480 - service.analytics - INFO - Completed light work in 0.321s
2025-06-22 01:57:25,482 - service.user_mgmt - INFO - Completed light work in 0.221s
2025-06-22 01:57:25,517 - service.analytics - INFO - Completed light work in 0.461s
2025-06-22 01:57:25,723 - service.user_mgmt - INFO - Completed light work in 0.359s
2025-06-22 01:57:25,840 - service.user_mgmt - INFO - Completed light work in 0.371s
2025-06-22 01:57:26,071 - service.user_mgmt - INFO - Completed light work in 0.498s
2025-06-22 01:57:26,076 - service.notification - INFO - Completed light work in 0.298s
2025-06-22 01:57:26,157 - service.user_mgmt - INFO - Completed light work in 0.484s
2025-06-22 01:57:26,380 - service.notification - INFO - Completed light work in 0.500s
2025-06-22 01:57:26,484 - service.notification - INFO - Completed light work in 0.400s
2025-06-22 01:57:27,073 - service.analytics - ERROR - Failed heavy work: Simulated failure in analytics
2025-06-22 01:57:27,734 - service.analytics - ERROR - Failed heavy work: Simulated failure in analytics
2025-06-22 01:57:27,759 - service.analytics - ERROR - Failed heavy work: Simulated failure in analytics
2025-06-22 01:57:28,117 - service.payment - INFO - Completed heavy work in 2.862s
2025-06-22 01:57:28,299 - service.analytics - INFO - Failure rate set to 0.0%
2025-06-22 01:57:28,506 - service.payment - INFO - Completed heavy work in 3.038s
2025-06-22 01:57:28,522 - service.analytics - ERROR - Failed heavy work: Simulated failure in analytics
2025-06-22 01:57:28,554 - service.payment - INFO - Completed heavy work in 2.880s
2025-06-22 01:57:28,893 - service.payment - INFO - Completed heavy work in 3.321s
2025-06-22 01:57:28,919 - service.payment - INFO - Completed heavy work in 3.557s
2025-06-22 01:57:29,745 - service.user_mgmt - INFO - Completed heavy work in 2.429s
2025-06-22 01:57:31,044 - service.user_mgmt - INFO - Completed heavy work in 3.524s
2025-06-22 01:57:31,136 - service.notification - INFO - Completed heavy work in 2.802s
2025-06-22 01:57:31,170 - service.user_mgmt - INFO - Completed heavy work in 3.546s
2025-06-22 01:57:31,897 - service.user_mgmt - INFO - Completed heavy work in 4.479s
2025-06-22 01:57:32,305 - service.notification - INFO - Completed heavy work in 3.871s
2025-06-22 02:06:21,075 - service.payment - INFO - Completed normal work in 0.216s
2025-06-22 02:06:21,301 - service.payment - INFO - Completed normal work in 0.335s
2025-06-22 02:06:21,658 - service.payment - INFO - Completed normal work in 0.282s
2025-06-22 02:06:21,683 - service.payment - INFO - Completed normal work in 0.511s
2025-06-22 02:06:21,710 - service.payment - INFO - Completed normal work in 0.640s
2025-06-22 02:06:21,948 - service.payment - INFO - Completed normal work in 0.470s
2025-06-22 02:06:21,954 - service.payment - INFO - Completed normal work in 0.681s
2025-06-22 02:06:22,085 - service.payment - INFO - Completed normal work in 0.403s
2025-06-22 02:06:22,406 - service.payment - INFO - Completed normal work in 0.621s
2025-06-22 02:06:22,454 - service.analytics - INFO - Completed normal work in 0.565s
2025-06-22 02:06:22,552 - service.analytics - INFO - Completed normal work in 0.563s
2025-06-22 02:06:22,708 - service.analytics - INFO - Completed normal work in 0.209s
2025-06-22 02:06:22,978 - service.analytics - INFO - Completed normal work in 0.886s
2025-06-22 02:06:23,191 - service.analytics - INFO - Completed normal work in 0.590s
2025-06-22 02:06:23,706 - service.user_mgmt - INFO - Completed normal work in 0.798s
2025-06-22 02:06:23,746 - service.user_mgmt - INFO - Completed normal work in 0.737s
2025-06-22 02:06:23,805 - service.analytics - INFO - Completed normal work in 1.002s
2025-06-22 02:06:23,933 - service.user_mgmt - INFO - Completed normal work in 0.718s
2025-06-22 02:06:24,048 - service.user_mgmt - INFO - Completed normal work in 0.220s
2025-06-22 02:06:24,058 - service.user_mgmt - INFO - Completed normal work in 0.947s
2025-06-22 02:06:24,467 - service.notification - INFO - Completed normal work in 0.534s
2025-06-22 02:06:24,564 - service.user_mgmt - INFO - Completed normal work in 0.838s
2025-06-22 02:06:24,620 - service.notification - INFO - Completed normal work in 0.585s
2025-06-22 02:06:25,038 - service.notification - INFO - Completed normal work in 0.383s
2025-06-22 02:06:25,128 - service.notification - INFO - Completed normal work in 0.575s
2025-06-22 02:06:31,240 - service.payment - INFO - Completed heavy work in 2.011s
2025-06-22 02:06:31,793 - service.payment - INFO - Completed heavy work in 2.258s
2025-06-22 02:06:32,611 - service.payment - INFO - Completed heavy work in 3.282s
2025-06-22 02:06:33,467 - service.payment - INFO - Completed heavy work in 4.035s
2025-06-22 02:06:33,574 - service.payment - INFO - Completed heavy work in 4.449s
2025-06-22 02:06:33,844 - service.analytics - INFO - Failure rate set to 80.0%
2025-06-22 02:06:35,200 - service.analytics - INFO - Completed heavy work in 4.017s
2025-06-22 02:06:35,411 - service.user_mgmt - INFO - Completed heavy work in 2.184s
2025-06-22 02:06:35,581 - service.analytics - INFO - Completed heavy work in 4.195s
2025-06-22 02:06:36,101 - service.analytics - INFO - Completed heavy work in 4.817s
2025-06-22 02:06:36,861 - service.analytics - ERROR - Failed spike work: Simulated failure in analytics
2025-06-22 02:06:37,375 - service.user_mgmt - INFO - Completed heavy work in 3.944s
2025-06-22 02:06:37,565 - service.user_mgmt - INFO - Completed heavy work in 4.031s
2025-06-22 02:06:37,935 - service.user_mgmt - INFO - Completed heavy work in 4.606s
2025-06-22 02:06:38,555 - service.analytics - ERROR - Failed spike work: Simulated failure in analytics
2025-06-22 02:06:38,593 - service.payment - INFO - Completed spike work in 3.250s
2025-06-22 02:06:38,728 - service.analytics - ERROR - Failed spike work: Simulated failure in analytics
2025-06-22 02:06:39,272 - service.user_mgmt - INFO - Completed spike work in 0.959s
2025-06-22 02:06:39,322 - service.notification - INFO - Completed heavy work in 3.988s
2025-06-22 02:06:39,468 - service.notification - INFO - Completed heavy work in 4.031s
2025-06-22 02:06:39,695 - service.user_mgmt - INFO - Completed spike work in 1.585s
2025-06-22 02:06:39,715 - service.payment - INFO - Completed spike work in 4.576s
2025-06-22 02:06:39,858 - service.analytics - INFO - Completed spike work in 3.291s
2025-06-22 02:06:39,954 - service.user_mgmt - INFO - Completed spike work in 1.951s
2025-06-22 02:06:40,137 - service.payment - INFO - Completed spike work in 4.896s
2025-06-22 02:06:40,258 - service.payment - INFO - Completed normal work in 0.222s
2025-06-22 02:06:40,294 - service.payment - INFO - Completed normal work in 0.358s
2025-06-22 02:06:40,459 - service.payment - INFO - Completed normal work in 0.322s
2025-06-22 02:06:40,955 - service.payment - INFO - Completed normal work in 0.511s
2025-06-22 02:06:40,995 - service.payment - INFO - Completed normal work in 0.655s
2025-06-22 02:06:41,171 - service.analytics - ERROR - Failed normal work: Simulated failure in analytics
2025-06-22 02:06:41,325 - service.user_mgmt - INFO - Completed spike work in 3.113s
2025-06-22 02:06:41,376 - service.analytics - ERROR - Failed normal work: Simulated failure in analytics
2025-06-22 02:06:41,446 - service.payment - INFO - Completed normal work in 0.900s
2025-06-22 02:06:41,447 - service.analytics - ERROR - Failed normal work: Simulated failure in analytics
2025-06-22 02:06:41,541 - service.notification - INFO - Completed spike work in 1.892s
2025-06-22 02:06:41,690 - service.analytics - ERROR - Failed normal work: Simulated failure in analytics
2025-06-22 02:06:41,691 - service.analytics - INFO - Completed normal work in 0.636s
2025-06-22 02:06:41,834 - service.analytics - ERROR - Failed normal work: Simulated failure in analytics
2025-06-22 02:06:41,886 - service.analytics - ERROR - Failed normal work: Simulated failure in analytics
2025-06-22 02:06:42,122 - service.analytics - ERROR - Failed normal work: Simulated failure in analytics
2025-06-22 02:06:42,225 - service.payment - INFO - Completed spike work in 7.299s
2025-06-22 02:06:42,266 - service.user_mgmt - INFO - Completed spike work in 2.928s
2025-06-22 02:06:42,570 - service.payment - INFO - Completed spike work in 7.533s
2025-06-22 02:06:42,741 - service.user_mgmt - INFO - Completed normal work in 0.769s
2025-06-22 02:06:42,766 - service.user_mgmt - INFO - Completed normal work in 0.691s
2025-06-22 02:06:42,868 - service.user_mgmt - INFO - Completed normal work in 0.693s
2025-06-22 02:06:43,090 - service.user_mgmt - INFO - Completed normal work in 0.812s
2025-06-22 02:06:43,418 - service.user_mgmt - INFO - Completed normal work in 0.529s
2025-06-22 02:06:43,541 - service.notification - INFO - Completed normal work in 0.549s
2025-06-22 02:06:43,699 - service.user_mgmt - INFO - Completed normal work in 0.914s
2025-06-22 02:06:44,096 - service.notification - INFO - Completed normal work in 0.490s
2025-06-22 02:06:45,323 - service.notification - INFO - Completed spike work in 5.776s
2025-06-22 02:07:21,151 - service.payment - INFO - Completed normal work in 0.362s
2025-06-22 02:07:21,240 - service.payment - INFO - Completed normal work in 0.555s
2025-06-22 02:07:21,380 - service.payment - INFO - Completed normal work in 0.385s
2025-06-22 02:07:21,752 - service.payment - INFO - Completed normal work in 0.859s
2025-06-22 02:07:21,810 - service.analytics - ERROR - Failed normal work: Simulated failure in analytics
2025-06-22 02:07:21,910 - service.analytics - ERROR - Failed normal work: Simulated failure in analytics
2025-06-22 02:07:22,005 - service.payment - INFO - Completed normal work in 0.807s
2025-06-22 02:07:22,010 - service.payment - INFO - Completed normal work in 0.602s
2025-06-22 02:07:22,045 - service.payment - INFO - Completed normal work in 0.743s
2025-06-22 02:07:22,094 - service.analytics - ERROR - Failed normal work: Simulated failure in analytics
2025-06-22 02:07:22,094 - service.payment - INFO - Completed normal work in 0.998s
2025-06-22 02:07:22,209 - service.analytics - ERROR - Failed normal work: Simulated failure in analytics
2025-06-22 02:07:22,342 - service.analytics - ERROR - Failed normal work: Simulated failure in analytics
2025-06-22 02:07:22,671 - service.analytics - ERROR - Failed normal work: Simulated failure in analytics
2025-06-22 02:07:23,009 - service.analytics - INFO - Completed normal work in 0.683s
2025-06-22 02:07:23,073 - service.analytics - INFO - Completed normal work in 0.951s
2025-06-22 02:07:23,153 - service.user_mgmt - INFO - Completed normal work in 0.414s
2025-06-22 02:07:23,443 - service.user_mgmt - INFO - Completed normal work in 0.289s
2025-06-22 02:07:23,573 - service.user_mgmt - INFO - Completed normal work in 0.627s
2025-06-22 02:07:23,706 - service.user_mgmt - INFO - Completed normal work in 0.863s
2025-06-22 02:07:23,854 - service.user_mgmt - INFO - Completed normal work in 0.805s
2025-06-22 02:07:24,112 - service.user_mgmt - INFO - Completed normal work in 0.451s
2025-06-22 02:07:24,156 - service.user_mgmt - INFO - Completed normal work in 0.698s
2025-06-22 02:07:24,550 - service.notification - INFO - Completed normal work in 0.687s
2025-06-22 02:07:24,565 - service.notification - INFO - Completed normal work in 0.803s
2025-06-22 02:07:24,794 - service.notification - INFO - Completed normal work in 0.216s
2025-06-22 02:07:25,270 - service.notification - INFO - Completed normal work in 0.590s
2025-06-22 02:07:41,891 - service.payment - INFO - Completed heavy work in 3.333s
2025-06-22 02:07:42,062 - service.analytics - ERROR - Failed heavy work: Simulated failure in analytics
2025-06-22 02:07:42,063 - service.analytics - ERROR - Failed heavy work: Simulated failure in analytics
2025-06-22 02:07:42,144 - service.analytics - ERROR - Failed heavy work: Simulated failure in analytics
2025-06-22 02:07:42,604 - service.payment - INFO - Completed heavy work in 3.831s
2025-06-22 02:07:43,098 - service.payment - INFO - Completed heavy work in 4.214s
2025-06-22 02:07:43,246 - service.analytics - ERROR - Failed heavy work: Simulated failure in analytics
2025-06-22 02:07:43,298 - service.payment - INFO - Completed heavy work in 4.627s
2025-06-22 02:07:43,542 - service.analytics - ERROR - Failed heavy work: Simulated failure in analytics
2025-06-22 02:07:43,616 - service.analytics - ERROR - Failed heavy work: Simulated failure in analytics
2025-06-22 02:07:43,977 - service.payment - INFO - Completed heavy work in 4.984s
2025-06-22 02:07:45,143 - service.user_mgmt - INFO - Completed heavy work in 2.254s
2025-06-22 02:07:46,382 - service.user_mgmt - INFO - Completed heavy work in 3.594s
2025-06-22 02:07:47,735 - service.user_mgmt - INFO - Completed heavy work in 4.636s
2025-06-22 02:07:47,811 - service.user_mgmt - INFO - Completed heavy work in 4.821s
2025-06-22 02:07:47,874 - service.notification - INFO - Completed heavy work in 2.914s
2025-06-22 02:07:49,263 - service.notification - INFO - Completed heavy work in 4.406s
2025-06-22 02:07:55,418 - service.analytics - INFO - Failure rate set to 80.0%
2025-06-22 02:07:59,007 - service.analytics - INFO - Completed spike work in 1.007s
2025-06-22 02:07:59,146 - service.analytics - ERROR - Failed spike work: Simulated failure in analytics
2025-06-22 02:07:59,701 - service.payment - INFO - Completed spike work in 3.240s
2025-06-22 02:07:59,742 - service.analytics - ERROR - Failed spike work: Simulated failure in analytics
2025-06-22 02:07:59,920 - service.analytics - ERROR - Failed spike work: Simulated failure in analytics
2025-06-22 02:08:00,404 - service.payment - INFO - Completed spike work in 3.629s
2025-06-22 02:08:00,444 - service.payment - INFO - Completed spike work in 3.771s
2025-06-22 02:08:02,479 - service.notification - INFO - Completed spike work in 1.481s
2025-06-22 02:08:04,265 - service.payment - INFO - Completed spike work in 7.907s
2025-06-22 02:08:04,532 - service.payment - INFO - Completed spike work in 7.969s
2025-06-22 02:08:05,056 - service.notification - INFO - Completed spike work in 3.957s
2025-06-22 02:08:05,657 - service.user_mgmt - INFO - Completed spike work in 6.199s
2025-06-22 02:08:05,794 - service.user_mgmt - INFO - Completed spike work in 6.234s
2025-06-22 02:08:06,202 - service.analytics - INFO - Completed spike work in 7.152s
2025-06-22 02:08:06,556 - service.user_mgmt - INFO - Completed spike work in 6.790s
2025-06-22 02:08:07,403 - service.user_mgmt - INFO - Completed spike work in 7.740s
2025-06-22 02:09:14,069 - service.analytics - ERROR - Failed light work: Simulated failure in analytics
2025-06-22 02:09:14,129 - service.user_mgmt - INFO - Completed light work in 0.114s
2025-06-22 02:09:14,371 - service.payment - INFO - Completed light work in 0.372s
2025-06-22 02:09:14,425 - service.notification - INFO - Completed light work in 0.403s
2025-06-22 02:09:15,036 - service.analytics - INFO - Failure rate set to 50.0%
2025-06-22 02:09:15,042 - service.analytics - INFO - Failure rate set to 0.0%
2025-06-22 02:09:16,485 - service.payment - INFO - Completed light work in 0.206s
2025-06-22 02:09:16,524 - service.payment - INFO - Completed light work in 0.451s
2025-06-22 02:09:16,536 - service.payment - INFO - Completed light work in 0.360s
2025-06-22 02:09:16,655 - service.payment - INFO - Completed light work in 0.272s
2025-06-22 02:09:16,775 - service.analytics - INFO - Completed light work in 0.186s
2025-06-22 02:09:16,813 - service.payment - INFO - Completed light work in 0.327s
2025-06-22 02:09:16,825 - service.analytics - INFO - Completed light work in 0.134s
2025-06-22 02:09:17,104 - service.analytics - INFO - Failure rate set to 90.0%
2025-06-22 02:09:17,119 - service.analytics - INFO - Completed light work in 0.225s
2025-06-22 02:09:17,128 - service.analytics - INFO - Completed light work in 0.131s
2025-06-22 02:09:17,225 - service.analytics - INFO - Completed light work in 0.432s
2025-06-22 02:09:17,387 - service.user_mgmt - INFO - Completed light work in 0.282s
2025-06-22 02:09:17,484 - service.user_mgmt - INFO - Completed light work in 0.172s
2025-06-22 02:09:17,575 - service.user_mgmt - INFO - Completed light work in 0.160s
2025-06-22 02:09:17,635 - service.user_mgmt - INFO - Completed light work in 0.425s
2025-06-22 02:09:17,790 - service.notification - INFO - Completed light work in 0.165s
2025-06-22 02:09:17,910 - service.user_mgmt - INFO - Completed light work in 0.388s
2025-06-22 02:09:18,055 - service.notification - INFO - Completed light work in 0.329s
2025-06-22 02:09:18,228 - service.notification - INFO - Completed light work in 0.398s
2025-06-22 02:09:19,077 - service.analytics - ERROR - Failed heavy work: Simulated failure in analytics
2025-06-22 02:09:19,398 - service.analytics - ERROR - Failed heavy work: Simulated failure in analytics
2025-06-22 02:09:19,548 - service.analytics - ERROR - Failed heavy work: Simulated failure in analytics
2025-06-22 02:09:19,848 - service.analytics - ERROR - Failed heavy work: Simulated failure in analytics
2025-06-22 02:09:20,143 - service.analytics - INFO - Failure rate set to 0.0%
2025-06-22 02:09:20,279 - service.payment - INFO - Completed heavy work in 2.959s
2025-06-22 02:09:20,670 - service.payment - INFO - Completed heavy work in 3.555s
2025-06-22 02:09:21,044 - service.payment - INFO - Completed heavy work in 3.829s
2025-06-22 02:09:21,499 - service.user_mgmt - INFO - Completed heavy work in 2.188s
2025-06-22 02:09:21,688 - service.payment - INFO - Completed heavy work in 4.160s
2025-06-22 02:09:21,966 - service.user_mgmt - INFO - Completed heavy work in 2.554s
2025-06-22 02:09:22,132 - service.payment - INFO - Completed heavy work in 4.708s
2025-06-22 02:09:22,445 - service.user_mgmt - INFO - Completed heavy work in 2.828s
2025-06-22 02:09:22,663 - service.user_mgmt - INFO - Completed heavy work in 3.148s
2025-06-22 02:09:23,344 - service.notification - INFO - Completed heavy work in 3.012s
2025-06-22 02:09:24,290 - service.notification - INFO - Completed heavy work in 3.856s
2025-06-22 02:10:10,553 - service.payment - INFO - Completed normal work in 0.225s
2025-06-22 02:10:10,678 - service.payment - INFO - Completed normal work in 0.247s
2025-06-22 02:10:11,137 - service.payment - INFO - Completed normal work in 0.401s
2025-06-22 02:10:11,147 - service.payment - INFO - Completed normal work in 0.513s
2025-06-22 02:10:11,252 - service.payment - INFO - Completed normal work in 0.720s
2025-06-22 02:10:11,422 - service.payment - INFO - Completed normal work in 0.470s
2025-06-22 02:10:11,592 - service.payment - INFO - Completed normal work in 0.437s
2025-06-22 02:10:11,621 - service.payment - INFO - Completed normal work in 0.771s
2025-06-22 02:10:11,829 - service.analytics - INFO - Completed normal work in 0.468s
2025-06-22 02:10:12,015 - service.analytics - INFO - Completed normal work in 0.450s
2025-06-22 02:10:12,017 - service.analytics - INFO - Completed normal work in 0.555s
2025-06-22 02:10:12,140 - service.payment - INFO - Completed normal work in 0.882s
2025-06-22 02:10:12,358 - service.analytics - INFO - Completed normal work in 0.285s
2025-06-22 02:10:12,370 - service.analytics - INFO - Completed normal work in 0.500s
2025-06-22 02:10:12,945 - service.user_mgmt - INFO - Completed normal work in 0.567s
2025-06-22 02:10:12,997 - service.user_mgmt - INFO - Completed normal work in 0.417s
2025-06-22 02:10:13,052 - service.user_mgmt - INFO - Completed normal work in 0.371s
2025-06-22 02:10:13,136 - service.analytics - INFO - Completed normal work in 0.961s
2025-06-22 02:10:13,324 - service.user_mgmt - INFO - Completed normal work in 0.845s
2025-06-22 02:10:13,600 - service.user_mgmt - INFO - Completed normal work in 0.511s
2025-06-22 02:10:13,678 - service.user_mgmt - INFO - Completed normal work in 0.690s
2025-06-22 02:10:13,947 - service.user_mgmt - INFO - Completed normal work in 0.757s
2025-06-22 02:10:14,091 - service.notification - INFO - Completed normal work in 0.594s
2025-06-22 02:10:14,227 - service.notification - INFO - Completed normal work in 0.831s
2025-06-22 02:10:14,426 - service.notification - INFO - Completed normal work in 0.321s
2025-06-22 02:10:15,045 - service.notification - INFO - Completed normal work in 0.738s
2025-06-22 02:10:15,410 - service.analytics - INFO - Failure rate set to 80.0%
2025-06-22 02:10:16,111 - service.payment - INFO - Completed heavy work in 2.856s
2025-06-22 02:10:16,295 - service.payment - INFO - Completed heavy work in 3.142s
2025-06-22 02:10:16,604 - service.payment - INFO - Completed heavy work in 3.557s
2025-06-22 02:10:17,062 - service.payment - INFO - Completed heavy work in 3.705s
2025-06-22 02:10:17,152 - service.payment - INFO - Completed spike work in 0.775s
2025-06-22 02:10:17,210 - service.payment - INFO - Completed heavy work in 4.274s
2025-06-22 02:10:17,373 - service.analytics - INFO - Completed heavy work in 2.390s
2025-06-22 02:10:17,590 - service.payment - INFO - Completed spike work in 0.910s
2025-06-22 02:10:18,322 - service.analytics - INFO - Completed heavy work in 3.236s
2025-06-22 02:10:19,375 - service.payment - INFO - Completed spike work in 2.289s
2025-06-22 02:10:19,386 - service.user_mgmt - INFO - Completed heavy work in 2.016s
2025-06-22 02:10:19,692 - service.analytics - INFO - Completed heavy work in 4.506s
2025-06-22 02:10:20,034 - service.analytics - INFO - Completed spike work in 1.710s
2025-06-22 02:10:20,115 - service.user_mgmt - INFO - Completed heavy work in 3.050s
2025-06-22 02:10:20,179 - service.payment - INFO - Completed spike work in 2.576s
2025-06-22 02:10:20,375 - service.user_mgmt - INFO - Completed heavy work in 3.105s
2025-06-22 02:10:20,702 - service.payment - INFO - Completed spike work in 3.410s
2025-06-22 02:10:21,161 - service.user_mgmt - INFO - Completed spike work in 0.707s
2025-06-22 02:10:21,333 - service.payment - INFO - Completed spike work in 4.855s
2025-06-22 02:10:21,542 - service.notification - INFO - Completed heavy work in 2.431s
2025-06-22 02:10:22,137 - service.user_mgmt - INFO - Completed heavy work in 4.970s
2025-06-22 02:10:22,514 - service.user_mgmt - INFO - Completed spike work in 2.362s
2025-06-22 02:10:23,508 - service.notification - INFO - Completed heavy work in 4.295s
2025-06-22 02:10:23,545 - service.payment - INFO - Completed spike work in 6.356s
2025-06-22 02:10:25,564 - service.analytics - INFO - Completed spike work in 7.653s
2025-06-22 02:10:26,440 - service.user_mgmt - INFO - Completed spike work in 6.998s
2025-06-22 02:10:26,509 - service.notification - INFO - Completed spike work in 4.937s
2025-06-22 02:10:32,687 - service.analytics - INFO - Failure rate set to 57.99999999999999%
2025-06-22 02:10:35,405 - service.analytics - INFO - Failure rate set to 85.0%
