[2025-06-04 14:02:17] NODE-0 [INFO] Starting quorum node on port 8080
[2025-06-04 14:02:23] NODE-0 [INFO] Coordinating write: docker_test=networking_test, W=3
[2025-06-04 14:02:23] NODE-0 [INFO] Remote write successful to node 8082: docker_test
[2025-06-04 14:02:23] NODE-0 [INFO] Remote write successful to node 8083: docker_test
[2025-06-04 14:02:23] NODE-0 [INFO] Remote write successful to node 8084: docker_test
[2025-06-04 14:02:23] NODE-0 [INFO] Local write successful: docker_test
[2025-06-04 14:02:23] NODE-0 [INFO] Remote write successful to node 8081: docker_test
[2025-06-04 14:02:23] NODE-0 [SUCCESS] Write quorum achieved: 5/3 for key docker_test
[2025-06-04 14:02:23] NODE-0 [INFO] Coordinating write: persistence_test_1=data_1, W=2
[2025-06-04 14:02:23] NODE-0 [INFO] Local write successful: persistence_test_1
[2025-06-04 14:02:23] NODE-0 [INFO] Remote write successful to node 8081: persistence_test_1
[2025-06-04 14:02:23] NODE-0 [INFO] Remote write successful to node 8082: persistence_test_1
[2025-06-04 14:02:23] NODE-0 [INFO] Remote write successful to node 8083: persistence_test_1
[2025-06-04 14:02:23] NODE-0 [INFO] Remote write successful to node 8084: persistence_test_1
[2025-06-04 14:02:23] NODE-0 [SUCCESS] Write quorum achieved: 5/2 for key persistence_test_1
[2025-06-04 14:02:23] NODE-0 [INFO] Coordinating write: persistence_test_2=data_2, W=2
[2025-06-04 14:02:23] NODE-0 [INFO] Remote write successful to node 8081: persistence_test_2
[2025-06-04 14:02:23] NODE-0 [INFO] Remote write successful to node 8082: persistence_test_2
[2025-06-04 14:02:23] NODE-0 [INFO] Remote write successful to node 8083: persistence_test_2
[2025-06-04 14:02:23] NODE-0 [INFO] Remote write successful to node 8084: persistence_test_2
[2025-06-04 14:02:23] NODE-0 [INFO] Local write successful: persistence_test_2
[2025-06-04 14:02:23] NODE-0 [SUCCESS] Write quorum achieved: 5/2 for key persistence_test_2
[2025-06-04 14:02:23] NODE-0 [INFO] Coordinating write: persistence_test_3=data_3, W=2
[2025-06-04 14:02:23] NODE-0 [INFO] Remote write successful to node 8082: persistence_test_3
[2025-06-04 14:02:23] NODE-0 [INFO] Remote write successful to node 8083: persistence_test_3
[2025-06-04 14:02:23] NODE-0 [INFO] Remote write successful to node 8084: persistence_test_3
[2025-06-04 14:02:23] NODE-0 [INFO] Local write successful: persistence_test_3
[2025-06-04 14:02:23] NODE-0 [INFO] Remote write successful to node 8081: persistence_test_3
[2025-06-04 14:02:23] NODE-0 [SUCCESS] Write quorum achieved: 5/2 for key persistence_test_3
[2025-06-04 14:02:23] NODE-0 [INFO] Coordinating read: persistence_test_1, R=2
[2025-06-04 14:02:23] NODE-0 [INFO] Local read successful: persistence_test_1
[2025-06-04 14:02:23] NODE-0 [INFO] Remote read successful from node 8081: persistence_test_1
[2025-06-04 14:02:23] NODE-0 [INFO] Remote read successful from node 8082: persistence_test_1
[2025-06-04 14:02:23] NODE-0 [INFO] Remote read successful from node 8083: persistence_test_1
[2025-06-04 14:02:23] NODE-0 [INFO] Remote read successful from node 8084: persistence_test_1
[2025-06-04 14:02:23] NODE-0 [SUCCESS] Read quorum achieved: 5/2 for key persistence_test_1
[2025-06-04 14:02:23] NODE-0 [INFO] Coordinating read: persistence_test_2, R=2
[2025-06-04 14:02:23] NODE-0 [INFO] Remote read successful from node 8081: persistence_test_2
[2025-06-04 14:02:23] NODE-0 [INFO] Remote read successful from node 8082: persistence_test_2
[2025-06-04 14:02:23] NODE-0 [INFO] Remote read successful from node 8083: persistence_test_2
[2025-06-04 14:02:23] NODE-0 [INFO] Remote read successful from node 8084: persistence_test_2
[2025-06-04 14:02:23] NODE-0 [INFO] Local read successful: persistence_test_2
[2025-06-04 14:02:23] NODE-0 [SUCCESS] Read quorum achieved: 5/2 for key persistence_test_2
[2025-06-04 14:02:23] NODE-0 [INFO] Coordinating read: persistence_test_3, R=2
[2025-06-04 14:02:23] NODE-0 [INFO] Remote read successful from node 8082: persistence_test_3
[2025-06-04 14:02:23] NODE-0 [INFO] Remote read successful from node 8083: persistence_test_3
[2025-06-04 14:02:23] NODE-0 [INFO] Remote read successful from node 8084: persistence_test_3
[2025-06-04 14:02:23] NODE-0 [INFO] Local read successful: persistence_test_3
[2025-06-04 14:02:23] NODE-0 [INFO] Remote read successful from node 8081: persistence_test_3
[2025-06-04 14:02:23] NODE-0 [SUCCESS] Read quorum achieved: 5/2 for key persistence_test_3
[2025-06-04 14:02:23] NODE-0 [INFO] Coordinating write: scale_test_6188183552_0=value_0, W=2
[2025-06-04 14:02:23] NODE-0 [INFO] Remote write successful to node 8083: scale_test_6188183552_0
[2025-06-04 14:02:23] NODE-0 [INFO] Remote write successful to node 8084: scale_test_6188183552_0
[2025-06-04 14:02:23] NODE-0 [INFO] Local write successful: scale_test_6188183552_0
[2025-06-04 14:02:23] NODE-0 [INFO] Remote write successful to node 8081: scale_test_6188183552_0
[2025-06-04 14:02:23] NODE-0 [INFO] Remote write successful to node 8082: scale_test_6188183552_0
[2025-06-04 14:02:23] NODE-0 [SUCCESS] Write quorum achieved: 5/2 for key scale_test_6188183552_0
[2025-06-04 14:02:23] NODE-0 [INFO] Coordinating write: scale_test_6205009920_0=value_0, W=2
[2025-06-04 14:02:23] NODE-0 [INFO] Remote write successful to node 8081: scale_test_6205009920_0
[2025-06-04 14:02:23] NODE-0 [INFO] Remote write successful to node 8082: scale_test_6205009920_0
[2025-06-04 14:02:24] NODE-0 [INFO] Remote write successful to node 8083: scale_test_6205009920_0
[2025-06-04 14:02:24] NODE-0 [INFO] Remote write successful to node 8084: scale_test_6205009920_0
[2025-06-04 14:02:24] NODE-0 [INFO] Local write successful: scale_test_6205009920_0
[2025-06-04 14:02:24] NODE-0 [SUCCESS] Write quorum achieved: 5/2 for key scale_test_6205009920_0
[2025-06-04 14:02:24] NODE-0 [INFO] Coordinating write: scale_test_6221836288_0=value_0, W=2
[2025-06-04 14:02:24] NODE-0 [INFO] Remote write successful to node 8084: scale_test_6221836288_0
[2025-06-04 14:02:24] NODE-0 [INFO] Local write successful: scale_test_6221836288_0
[2025-06-04 14:02:24] NODE-0 [INFO] Remote write successful to node 8081: scale_test_6221836288_0
[2025-06-04 14:02:24] NODE-0 [INFO] Remote write successful to node 8082: scale_test_6221836288_0
[2025-06-04 14:02:24] NODE-0 [INFO] Remote write successful to node 8083: scale_test_6221836288_0
[2025-06-04 14:02:24] NODE-0 [SUCCESS] Write quorum achieved: 5/2 for key scale_test_6221836288_0
[2025-06-04 14:02:24] NODE-0 [INFO] Coordinating write: scale_test_6188183552_1=value_1, W=2
[2025-06-04 14:02:24] NODE-0 [INFO] Remote write successful to node 8081: scale_test_6188183552_1
[2025-06-04 14:02:24] NODE-0 [INFO] Remote write successful to node 8082: scale_test_6188183552_1
[2025-06-04 14:02:24] NODE-0 [INFO] Remote write successful to node 8083: scale_test_6188183552_1
[2025-06-04 14:02:24] NODE-0 [INFO] Remote write successful to node 8084: scale_test_6188183552_1
[2025-06-04 14:02:24] NODE-0 [INFO] Local write successful: scale_test_6188183552_1
[2025-06-04 14:02:24] NODE-0 [SUCCESS] Write quorum achieved: 5/2 for key scale_test_6188183552_1
[2025-06-04 14:02:24] NODE-0 [INFO] Coordinating write: scale_test_6205009920_1=value_1, W=2
[2025-06-04 14:02:24] NODE-0 [INFO] Remote write successful to node 8082: scale_test_6205009920_1
[2025-06-04 14:02:24] NODE-0 [INFO] Remote write successful to node 8083: scale_test_6205009920_1
[2025-06-04 14:02:24] NODE-0 [INFO] Remote write successful to node 8084: scale_test_6205009920_1
[2025-06-04 14:02:24] NODE-0 [INFO] Local write successful: scale_test_6205009920_1
[2025-06-04 14:02:24] NODE-0 [INFO] Remote write successful to node 8081: scale_test_6205009920_1
[2025-06-04 14:02:24] NODE-0 [SUCCESS] Write quorum achieved: 5/2 for key scale_test_6205009920_1
[2025-06-04 14:02:24] NODE-0 [INFO] Coordinating write: scale_test_6221836288_1=value_1, W=2
[2025-06-04 14:02:24] NODE-0 [INFO] Remote write successful to node 8083: scale_test_6221836288_1
[2025-06-04 14:02:24] NODE-0 [INFO] Remote write successful to node 8084: scale_test_6221836288_1
[2025-06-04 14:02:24] NODE-0 [INFO] Local write successful: scale_test_6221836288_1
[2025-06-04 14:02:24] NODE-0 [INFO] Remote write successful to node 8081: scale_test_6221836288_1
[2025-06-04 14:02:24] NODE-0 [INFO] Remote write successful to node 8082: scale_test_6221836288_1
[2025-06-04 14:02:24] NODE-0 [SUCCESS] Write quorum achieved: 5/2 for key scale_test_6221836288_1
[2025-06-04 14:02:24] NODE-0 [INFO] Coordinating write: scale_test_6188183552_2=value_2, W=2
[2025-06-04 14:02:24] NODE-0 [INFO] Remote write successful to node 8082: scale_test_6188183552_2
[2025-06-04 14:02:24] NODE-0 [INFO] Remote write successful to node 8083: scale_test_6188183552_2
[2025-06-04 14:02:24] NODE-0 [INFO] Remote write successful to node 8084: scale_test_6188183552_2
[2025-06-04 14:02:24] NODE-0 [INFO] Local write successful: scale_test_6188183552_2
[2025-06-04 14:02:24] NODE-0 [INFO] Remote write successful to node 8081: scale_test_6188183552_2
[2025-06-04 14:02:24] NODE-0 [SUCCESS] Write quorum achieved: 5/2 for key scale_test_6188183552_2
[2025-06-04 14:02:24] NODE-0 [INFO] Coordinating write: scale_test_6205009920_2=value_2, W=2
[2025-06-04 14:02:24] NODE-0 [INFO] Local write successful: scale_test_6205009920_2
[2025-06-04 14:02:24] NODE-0 [INFO] Remote write successful to node 8081: scale_test_6205009920_2
[2025-06-04 14:02:24] NODE-0 [INFO] Remote write successful to node 8082: scale_test_6205009920_2
[2025-06-04 14:02:24] NODE-0 [INFO] Remote write successful to node 8083: scale_test_6205009920_2
[2025-06-04 14:02:24] NODE-0 [INFO] Remote write successful to node 8084: scale_test_6205009920_2
[2025-06-04 14:02:24] NODE-0 [SUCCESS] Write quorum achieved: 5/2 for key scale_test_6205009920_2
[2025-06-04 14:02:24] NODE-0 [INFO] Coordinating write: scale_test_6221836288_2=value_2, W=2
[2025-06-04 14:02:24] NODE-0 [INFO] Remote write successful to node 8082: scale_test_6221836288_2
[2025-06-04 14:02:24] NODE-0 [INFO] Remote write successful to node 8083: scale_test_6221836288_2
[2025-06-04 14:02:24] NODE-0 [INFO] Remote write successful to node 8084: scale_test_6221836288_2
[2025-06-04 14:02:24] NODE-0 [INFO] Local write successful: scale_test_6221836288_2
[2025-06-04 14:02:24] NODE-0 [INFO] Remote write successful to node 8081: scale_test_6221836288_2
[2025-06-04 14:02:24] NODE-0 [SUCCESS] Write quorum achieved: 5/2 for key scale_test_6221836288_2
[2025-06-04 14:02:24] NODE-0 [INFO] Coordinating write: scale_test_6188183552_3=value_3, W=2
[2025-06-04 14:02:24] NODE-0 [INFO] Local write successful: scale_test_6188183552_3
[2025-06-04 14:02:24] NODE-0 [INFO] Remote write successful to node 8081: scale_test_6188183552_3
[2025-06-04 14:02:24] NODE-0 [INFO] Remote write successful to node 8082: scale_test_6188183552_3
[2025-06-04 14:02:24] NODE-0 [INFO] Remote write successful to node 8083: scale_test_6188183552_3
[2025-06-04 14:02:24] NODE-0 [INFO] Remote write successful to node 8084: scale_test_6188183552_3
[2025-06-04 14:02:24] NODE-0 [SUCCESS] Write quorum achieved: 5/2 for key scale_test_6188183552_3
[2025-06-04 14:02:24] NODE-0 [INFO] Coordinating write: scale_test_6205009920_3=value_3, W=2
[2025-06-04 14:02:24] NODE-0 [INFO] Local write successful: scale_test_6205009920_3
[2025-06-04 14:02:24] NODE-0 [INFO] Remote write successful to node 8081: scale_test_6205009920_3
[2025-06-04 14:02:24] NODE-0 [INFO] Remote write successful to node 8082: scale_test_6205009920_3
[2025-06-04 14:02:24] NODE-0 [INFO] Remote write successful to node 8083: scale_test_6205009920_3
[2025-06-04 14:02:24] NODE-0 [INFO] Remote write successful to node 8084: scale_test_6205009920_3
[2025-06-04 14:02:24] NODE-0 [SUCCESS] Write quorum achieved: 5/2 for key scale_test_6205009920_3
[2025-06-04 14:02:24] NODE-0 [INFO] Coordinating write: scale_test_6221836288_3=value_3, W=2
[2025-06-04 14:02:24] NODE-0 [INFO] Remote write successful to node 8083: scale_test_6221836288_3
[2025-06-04 14:02:24] NODE-0 [INFO] Remote write successful to node 8084: scale_test_6221836288_3
[2025-06-04 14:02:24] NODE-0 [INFO] Local write successful: scale_test_6221836288_3
[2025-06-04 14:02:24] NODE-0 [INFO] Remote write successful to node 8081: scale_test_6221836288_3
[2025-06-04 14:02:24] NODE-0 [INFO] Remote write successful to node 8082: scale_test_6221836288_3
[2025-06-04 14:02:24] NODE-0 [SUCCESS] Write quorum achieved: 5/2 for key scale_test_6221836288_3
[2025-06-04 14:02:24] NODE-0 [INFO] Coordinating write: scale_test_6188183552_4=value_4, W=2
[2025-06-04 14:02:24] NODE-0 [INFO] Remote write successful to node 8082: scale_test_6188183552_4
[2025-06-04 14:02:24] NODE-0 [INFO] Remote write successful to node 8083: scale_test_6188183552_4
[2025-06-04 14:02:24] NODE-0 [INFO] Remote write successful to node 8084: scale_test_6188183552_4
[2025-06-04 14:02:24] NODE-0 [INFO] Local write successful: scale_test_6188183552_4
[2025-06-04 14:02:24] NODE-0 [INFO] Remote write successful to node 8081: scale_test_6188183552_4
[2025-06-04 14:02:24] NODE-0 [SUCCESS] Write quorum achieved: 5/2 for key scale_test_6188183552_4
[2025-06-04 14:02:24] NODE-0 [INFO] Coordinating write: scale_test_6205009920_4=value_4, W=2
[2025-06-04 14:02:24] NODE-0 [INFO] Remote write successful to node 8082: scale_test_6205009920_4
[2025-06-04 14:02:24] NODE-0 [INFO] Remote write successful to node 8083: scale_test_6205009920_4
[2025-06-04 14:02:24] NODE-0 [INFO] Remote write successful to node 8084: scale_test_6205009920_4
[2025-06-04 14:02:24] NODE-0 [INFO] Local write successful: scale_test_6205009920_4
[2025-06-04 14:02:24] NODE-0 [INFO] Remote write successful to node 8081: scale_test_6205009920_4
[2025-06-04 14:02:24] NODE-0 [SUCCESS] Write quorum achieved: 5/2 for key scale_test_6205009920_4
[2025-06-04 14:02:24] NODE-0 [INFO] Coordinating write: scale_test_6221836288_4=value_4, W=2
[2025-06-04 14:02:24] NODE-0 [INFO] Remote write successful to node 8084: scale_test_6221836288_4
[2025-06-04 14:02:24] NODE-0 [INFO] Local write successful: scale_test_6221836288_4
[2025-06-04 14:02:24] NODE-0 [INFO] Remote write successful to node 8081: scale_test_6221836288_4
[2025-06-04 14:02:24] NODE-0 [INFO] Remote write successful to node 8082: scale_test_6221836288_4
[2025-06-04 14:02:24] NODE-0 [INFO] Remote write successful to node 8083: scale_test_6221836288_4
[2025-06-04 14:02:24] NODE-0 [SUCCESS] Write quorum achieved: 5/2 for key scale_test_6221836288_4
