2025-06-04 14:53:19,716 - Simulation - INFO - 🎬 Starting scenario: Basic Consensus
2025-06-04 14:53:19,716 - Simulation - INFO - ============================================================
2025-06-04 14:53:21,722 - Proposer-0 - INFO - 🎯 Starting proposal 1 for value 'transaction_commit'
2025-06-04 14:53:21,723 - Proposer-0 - INFO - 📤 Phase 1: Broadcasting PREPARE(1)
2025-06-04 14:53:22,187 - Acceptor-0 - INFO - 📥 Received PREPARE(1)
2025-06-04 14:53:22,208 - Acceptor-0 - INFO - ✅ PROMISE(1) - Previous: None
2025-06-04 14:53:22,361 - Acceptor-1 - INFO - 📥 Received PREPARE(1)
2025-06-04 14:53:22,375 - Acceptor-1 - INFO - ✅ PROMISE(1) - Previous: None
2025-06-04 14:53:22,647 - Acceptor-2 - INFO - 📥 Received PREPARE(1)
2025-06-04 14:53:22,665 - Acceptor-2 - INFO - ✅ PROMISE(1) - Previous: None
2025-06-04 14:53:22,973 - Acceptor-3 - INFO - 📥 Received PREPARE(1)
2025-06-04 14:53:22,990 - Acceptor-3 - INFO - ✅ PROMISE(1) - Previous: None
2025-06-04 14:53:23,366 - Acceptor-4 - INFO - 📥 Received PREPARE(1)
2025-06-04 14:53:23,379 - Acceptor-4 - INFO - ✅ PROMISE(1) - Previous: None
2025-06-04 14:53:23,379 - Proposer-0 - INFO - ✅ Phase 1 SUCCESS: Received 5/5 promises
2025-06-04 14:53:23,380 - Proposer-0 - INFO - 📤 Phase 2: Broadcasting ACCEPT(1, 'transaction_commit')
2025-06-04 14:53:23,844 - Acceptor-0 - INFO - 📥 Received ACCEPT(1, 'transaction_commit')
2025-06-04 14:53:23,858 - Acceptor-0 - INFO - ✅ ACCEPTED(1, 'transaction_commit')
2025-06-04 14:53:24,012 - Acceptor-1 - INFO - 📥 Received ACCEPT(1, 'transaction_commit')
2025-06-04 14:53:24,027 - Acceptor-1 - INFO - ✅ ACCEPTED(1, 'transaction_commit')
2025-06-04 14:53:24,300 - Acceptor-2 - INFO - 📥 Received ACCEPT(1, 'transaction_commit')
2025-06-04 14:53:24,312 - Acceptor-2 - INFO - ✅ ACCEPTED(1, 'transaction_commit')
2025-06-04 14:53:24,617 - Acceptor-3 - INFO - 📥 Received ACCEPT(1, 'transaction_commit')
2025-06-04 14:53:24,629 - Acceptor-3 - INFO - ✅ ACCEPTED(1, 'transaction_commit')
2025-06-04 14:53:25,010 - Acceptor-4 - INFO - 📥 Received ACCEPT(1, 'transaction_commit')
2025-06-04 14:53:25,024 - Acceptor-4 - INFO - ✅ ACCEPTED(1, 'transaction_commit')
2025-06-04 14:53:25,024 - Proposer-0 - INFO - 🎉 CONSENSUS ACHIEVED: Value 'transaction_commit' chosen with 5/5 accepts
2025-06-04 14:53:27,025 - Proposer-1 - INFO - 🎯 Starting proposal 1001 for value 'config_update'
2025-06-04 14:53:27,025 - Proposer-1 - INFO - 📤 Phase 1: Broadcasting PREPARE(1001)
2025-06-04 14:53:27,488 - Acceptor-0 - INFO - 📥 Received PREPARE(1001)
2025-06-04 14:53:27,502 - Acceptor-0 - INFO - ✅ PROMISE(1001) - Previous: 1
2025-06-04 14:53:27,656 - Acceptor-1 - INFO - 📥 Received PREPARE(1001)
2025-06-04 14:53:27,669 - Acceptor-1 - INFO - ✅ PROMISE(1001) - Previous: 1
2025-06-04 14:53:27,945 - Acceptor-2 - INFO - 📥 Received PREPARE(1001)
2025-06-04 14:53:27,958 - Acceptor-2 - INFO - ✅ PROMISE(1001) - Previous: 1
2025-06-04 14:53:28,268 - Acceptor-3 - INFO - 📥 Received PREPARE(1001)
2025-06-04 14:53:28,283 - Acceptor-3 - INFO - ✅ PROMISE(1001) - Previous: 1
2025-06-04 14:53:28,662 - Acceptor-4 - INFO - 📥 Received PREPARE(1001)
2025-06-04 14:53:28,676 - Acceptor-4 - INFO - ✅ PROMISE(1001) - Previous: 1
2025-06-04 14:53:28,677 - Proposer-1 - INFO - ✅ Phase 1 SUCCESS: Received 5/5 promises
2025-06-04 14:53:28,677 - Proposer-1 - INFO - 🔄 Using previously accepted value 'transaction_commit' from proposal 1
2025-06-04 14:53:28,677 - Proposer-1 - INFO - 📤 Phase 2: Broadcasting ACCEPT(1001, 'transaction_commit')
2025-06-04 14:53:29,143 - Acceptor-0 - INFO - 📥 Received ACCEPT(1001, 'transaction_commit')
2025-06-04 14:53:29,157 - Acceptor-0 - INFO - ✅ ACCEPTED(1001, 'transaction_commit')
2025-06-04 14:53:29,311 - Acceptor-1 - INFO - 📥 Received ACCEPT(1001, 'transaction_commit')
2025-06-04 14:53:29,325 - Acceptor-1 - INFO - ✅ ACCEPTED(1001, 'transaction_commit')
2025-06-04 14:53:29,599 - Acceptor-2 - INFO - 📥 Received ACCEPT(1001, 'transaction_commit')
2025-06-04 14:53:29,614 - Acceptor-2 - INFO - ✅ ACCEPTED(1001, 'transaction_commit')
2025-06-04 14:53:29,920 - Acceptor-3 - INFO - 📥 Received ACCEPT(1001, 'transaction_commit')
2025-06-04 14:53:29,933 - Acceptor-3 - INFO - ✅ ACCEPTED(1001, 'transaction_commit')
2025-06-04 14:53:30,311 - Acceptor-4 - INFO - 📥 Received ACCEPT(1001, 'transaction_commit')
2025-06-04 14:53:30,326 - Acceptor-4 - INFO - ✅ ACCEPTED(1001, 'transaction_commit')
2025-06-04 14:53:30,327 - Proposer-1 - INFO - 🎉 CONSENSUS ACHIEVED: Value 'transaction_commit' chosen with 5/5 accepts
2025-06-04 14:53:30,331 - Simulation - INFO - ✅ Scenario 'Basic Consensus' completed
2025-06-04 14:53:30,331 - Simulation - INFO - ============================================================
2025-06-04 14:53:33,335 - Simulation - INFO - 🎬 Starting scenario: Competing Proposers
2025-06-04 14:53:33,336 - Simulation - INFO - ============================================================
2025-06-04 14:53:35,338 - Proposer-0 - INFO - 🎯 Starting proposal 2 for value 'value_A'
2025-06-04 14:53:35,339 - Proposer-0 - INFO - 📤 Phase 1: Broadcasting PREPARE(2)
2025-06-04 14:53:35,807 - Acceptor-0 - INFO - 📥 Received PREPARE(2)
2025-06-04 14:53:35,808 - Acceptor-0 - INFO - ❌ REJECT PREPARE(2) - Already promised to 1001
2025-06-04 14:53:35,962 - Acceptor-1 - INFO - 📥 Received PREPARE(2)
2025-06-04 14:53:35,962 - Acceptor-1 - INFO - ❌ REJECT PREPARE(2) - Already promised to 1001
2025-06-04 14:53:36,235 - Acceptor-2 - INFO - 📥 Received PREPARE(2)
2025-06-04 14:53:36,235 - Acceptor-2 - INFO - ❌ REJECT PREPARE(2) - Already promised to 1001
2025-06-04 14:53:36,541 - Acceptor-3 - INFO - 📥 Received PREPARE(2)
2025-06-04 14:53:36,542 - Acceptor-3 - INFO - ❌ REJECT PREPARE(2) - Already promised to 1001
2025-06-04 14:53:36,918 - Acceptor-4 - INFO - 📥 Received PREPARE(2)
2025-06-04 14:53:36,919 - Acceptor-4 - INFO - ❌ REJECT PREPARE(2) - Already promised to 1001
2025-06-04 14:53:36,920 - Proposer-0 - WARNING - ❌ Phase 1 FAILED: Only 0/5 promises (need 3)
2025-06-04 14:53:38,925 - Proposer-1 - INFO - 🎯 Starting proposal 1002 for value 'value_B'
2025-06-04 14:53:38,928 - Proposer-1 - INFO - 📤 Phase 1: Broadcasting PREPARE(1002)
2025-06-04 14:53:39,392 - Acceptor-0 - INFO - 📥 Received PREPARE(1002)
2025-06-04 14:53:39,409 - Acceptor-0 - INFO - ✅ PROMISE(1002) - Previous: 1001
2025-06-04 14:53:39,564 - Acceptor-1 - INFO - 📥 Received PREPARE(1002)
2025-06-04 14:53:39,579 - Acceptor-1 - INFO - ✅ PROMISE(1002) - Previous: 1001
2025-06-04 14:53:39,851 - Acceptor-2 - INFO - 📥 Received PREPARE(1002)
2025-06-04 14:53:39,863 - Acceptor-2 - INFO - ✅ PROMISE(1002) - Previous: 1001
2025-06-04 14:53:40,168 - Acceptor-3 - INFO - 📥 Received PREPARE(1002)
2025-06-04 14:53:40,181 - Acceptor-3 - INFO - ✅ PROMISE(1002) - Previous: 1001
2025-06-04 14:53:40,557 - Acceptor-4 - INFO - 📥 Received PREPARE(1002)
2025-06-04 14:53:40,572 - Acceptor-4 - INFO - ✅ PROMISE(1002) - Previous: 1001
2025-06-04 14:53:40,572 - Proposer-1 - INFO - ✅ Phase 1 SUCCESS: Received 5/5 promises
2025-06-04 14:53:40,573 - Proposer-1 - INFO - 🔄 Using previously accepted value 'transaction_commit' from proposal 1001
2025-06-04 14:53:40,573 - Proposer-1 - INFO - 📤 Phase 2: Broadcasting ACCEPT(1002, 'transaction_commit')
2025-06-04 14:53:41,037 - Acceptor-0 - INFO - 📥 Received ACCEPT(1002, 'transaction_commit')
2025-06-04 14:53:41,051 - Acceptor-0 - INFO - ✅ ACCEPTED(1002, 'transaction_commit')
2025-06-04 14:53:41,206 - Acceptor-1 - INFO - 📥 Received ACCEPT(1002, 'transaction_commit')
2025-06-04 14:53:41,219 - Acceptor-1 - INFO - ✅ ACCEPTED(1002, 'transaction_commit')
2025-06-04 14:53:41,492 - Acceptor-2 - INFO - 📥 Received ACCEPT(1002, 'transaction_commit')
2025-06-04 14:53:41,508 - Acceptor-2 - INFO - ✅ ACCEPTED(1002, 'transaction_commit')
2025-06-04 14:53:41,814 - Acceptor-3 - INFO - 📥 Received ACCEPT(1002, 'transaction_commit')
2025-06-04 14:53:41,828 - Acceptor-3 - INFO - ✅ ACCEPTED(1002, 'transaction_commit')
2025-06-04 14:53:42,203 - Acceptor-4 - INFO - 📥 Received ACCEPT(1002, 'transaction_commit')
2025-06-04 14:53:42,218 - Acceptor-4 - INFO - ✅ ACCEPTED(1002, 'transaction_commit')
2025-06-04 14:53:42,218 - Proposer-1 - INFO - 🎉 CONSENSUS ACHIEVED: Value 'transaction_commit' chosen with 5/5 accepts
2025-06-04 14:53:44,220 - Proposer-2 - INFO - 🎯 Starting proposal 2001 for value 'value_C'
2025-06-04 14:53:44,221 - Proposer-2 - INFO - 📤 Phase 1: Broadcasting PREPARE(2001)
2025-06-04 14:53:44,685 - Acceptor-0 - INFO - 📥 Received PREPARE(2001)
2025-06-04 14:53:44,700 - Acceptor-0 - INFO - ✅ PROMISE(2001) - Previous: 1002
2025-06-04 14:53:44,854 - Acceptor-1 - INFO - 📥 Received PREPARE(2001)
2025-06-04 14:53:44,868 - Acceptor-1 - INFO - ✅ PROMISE(2001) - Previous: 1002
2025-06-04 14:53:45,142 - Acceptor-2 - INFO - 📥 Received PREPARE(2001)
2025-06-04 14:53:45,156 - Acceptor-2 - INFO - ✅ PROMISE(2001) - Previous: 1002
2025-06-04 14:53:45,464 - Acceptor-3 - INFO - 📥 Received PREPARE(2001)
2025-06-04 14:53:45,480 - Acceptor-3 - INFO - ✅ PROMISE(2001) - Previous: 1002
2025-06-04 14:53:45,856 - Acceptor-4 - INFO - 📥 Received PREPARE(2001)
2025-06-04 14:53:45,872 - Acceptor-4 - INFO - ✅ PROMISE(2001) - Previous: 1002
2025-06-04 14:53:45,872 - Proposer-2 - INFO - ✅ Phase 1 SUCCESS: Received 5/5 promises
2025-06-04 14:53:45,872 - Proposer-2 - INFO - 🔄 Using previously accepted value 'transaction_commit' from proposal 1002
2025-06-04 14:53:45,873 - Proposer-2 - INFO - 📤 Phase 2: Broadcasting ACCEPT(2001, 'transaction_commit')
2025-06-04 14:53:46,339 - Acceptor-0 - INFO - 📥 Received ACCEPT(2001, 'transaction_commit')
2025-06-04 14:53:46,354 - Acceptor-0 - INFO - ✅ ACCEPTED(2001, 'transaction_commit')
2025-06-04 14:53:46,508 - Acceptor-1 - INFO - 📥 Received ACCEPT(2001, 'transaction_commit')
2025-06-04 14:53:46,523 - Acceptor-1 - INFO - ✅ ACCEPTED(2001, 'transaction_commit')
2025-06-04 14:53:46,796 - Acceptor-2 - INFO - 📥 Received ACCEPT(2001, 'transaction_commit')
2025-06-04 14:53:46,810 - Acceptor-2 - INFO - ✅ ACCEPTED(2001, 'transaction_commit')
2025-06-04 14:53:47,116 - Acceptor-3 - INFO - 📥 Received ACCEPT(2001, 'transaction_commit')
2025-06-04 14:53:47,131 - Acceptor-3 - INFO - ✅ ACCEPTED(2001, 'transaction_commit')
2025-06-04 14:53:47,508 - Acceptor-4 - INFO - 📥 Received ACCEPT(2001, 'transaction_commit')
2025-06-04 14:53:47,523 - Acceptor-4 - INFO - ✅ ACCEPTED(2001, 'transaction_commit')
2025-06-04 14:53:47,523 - Proposer-2 - INFO - 🎉 CONSENSUS ACHIEVED: Value 'transaction_commit' chosen with 5/5 accepts
2025-06-04 14:53:47,526 - Simulation - INFO - ✅ Scenario 'Competing Proposers' completed
2025-06-04 14:53:47,526 - Simulation - INFO - ============================================================
2025-06-04 14:53:50,528 - Simulation - INFO - 🎬 Starting scenario: Node Failures
2025-06-04 14:53:50,529 - Simulation - INFO - ============================================================
2025-06-04 14:53:51,532 - Acceptor-0 - WARNING - 💥 CRASHED - Node 0 is now offline
2025-06-04 14:53:52,536 - Acceptor-1 - WARNING - 💥 CRASHED - Node 1 is now offline
2025-06-04 14:53:54,539 - Proposer-0 - INFO - 🎯 Starting proposal 3 for value 'critical_decision'
2025-06-04 14:53:54,540 - Proposer-0 - INFO - 📤 Phase 1: Broadcasting PREPARE(3)
2025-06-04 14:53:54,813 - Acceptor-2 - INFO - 📥 Received PREPARE(3)
2025-06-04 14:53:54,814 - Acceptor-2 - INFO - ❌ REJECT PREPARE(3) - Already promised to 2001
2025-06-04 14:53:55,120 - Acceptor-3 - INFO - 📥 Received PREPARE(3)
2025-06-04 14:53:55,121 - Acceptor-3 - INFO - ❌ REJECT PREPARE(3) - Already promised to 2001
2025-06-04 14:53:55,497 - Acceptor-4 - INFO - 📥 Received PREPARE(3)
2025-06-04 14:53:55,497 - Acceptor-4 - INFO - ❌ REJECT PREPARE(3) - Already promised to 2001
2025-06-04 14:53:55,498 - Proposer-0 - WARNING - ❌ Phase 1 FAILED: Only 0/5 promises (need 3)
2025-06-04 14:53:55,502 - Simulation - INFO - ✅ Scenario 'Node Failures' completed
2025-06-04 14:53:55,503 - Simulation - INFO - ============================================================
2025-06-04 14:53:56,343 - Acceptor-0 - INFO - 📥 Received PREPARE(100)
2025-06-04 14:53:56,358 - Acceptor-0 - INFO - ✅ PROMISE(100) - Previous: None
2025-06-04 14:53:56,358 - Acceptor-0 - WARNING - 💥 CRASHED - Node 0 is now offline
2025-06-04 14:53:56,362 - Acceptor-0 - INFO - 🔄 RECOVERED - Node 0 is back online
2025-06-04 14:53:56,724 - Acceptor-0 - INFO - 📥 Received PREPARE(50)
2025-06-04 14:53:56,726 - Acceptor-0 - INFO - ❌ REJECT PREPARE(50) - Already promised to 100
2025-06-04 14:53:56,728 - Proposer-0 - INFO - 🎯 Starting proposal 1 for value 'test_value'
2025-06-04 14:53:56,728 - Proposer-0 - INFO - 📤 Phase 1: Broadcasting PREPARE(1)
2025-06-04 14:53:57,144 - Acceptor-0 - INFO - 📥 Received PREPARE(1)
2025-06-04 14:53:57,156 - Acceptor-0 - INFO - ✅ PROMISE(1) - Previous: None
2025-06-04 14:53:57,474 - Acceptor-1 - INFO - 📥 Received PREPARE(1)
2025-06-04 14:53:57,486 - Acceptor-1 - INFO - ✅ PROMISE(1) - Previous: None
2025-06-04 14:53:57,860 - Acceptor-2 - INFO - 📥 Received PREPARE(1)
2025-06-04 14:53:57,875 - Acceptor-2 - INFO - ✅ PROMISE(1) - Previous: None
2025-06-04 14:53:58,273 - Acceptor-3 - INFO - 📥 Received PREPARE(1)
2025-06-04 14:53:58,289 - Acceptor-3 - INFO - ✅ PROMISE(1) - Previous: None
2025-06-04 14:53:58,493 - Acceptor-4 - INFO - 📥 Received PREPARE(1)
2025-06-04 14:53:58,507 - Acceptor-4 - INFO - ✅ PROMISE(1) - Previous: None
2025-06-04 14:53:58,507 - Proposer-0 - INFO - ✅ Phase 1 SUCCESS: Received 5/5 promises
2025-06-04 14:53:58,508 - Proposer-0 - INFO - 📤 Phase 2: Broadcasting ACCEPT(1, 'test_value')
2025-06-04 14:53:58,924 - Acceptor-0 - INFO - 📥 Received ACCEPT(1, 'test_value')
2025-06-04 14:53:58,940 - Acceptor-0 - INFO - ✅ ACCEPTED(1, 'test_value')
2025-06-04 14:53:59,255 - Acceptor-1 - INFO - 📥 Received ACCEPT(1, 'test_value')
2025-06-04 14:53:59,270 - Acceptor-1 - INFO - ✅ ACCEPTED(1, 'test_value')
2025-06-04 14:53:59,648 - Acceptor-2 - INFO - 📥 Received ACCEPT(1, 'test_value')
2025-06-04 14:53:59,664 - Acceptor-2 - INFO - ✅ ACCEPTED(1, 'test_value')
2025-06-04 14:54:00,059 - Acceptor-3 - INFO - 📥 Received ACCEPT(1, 'test_value')
2025-06-04 14:54:00,072 - Acceptor-3 - INFO - ✅ ACCEPTED(1, 'test_value')
2025-06-04 14:54:00,274 - Acceptor-4 - INFO - 📥 Received ACCEPT(1, 'test_value')
2025-06-04 14:54:00,288 - Acceptor-4 - INFO - ✅ ACCEPTED(1, 'test_value')
2025-06-04 14:54:00,288 - Proposer-0 - INFO - 🎉 CONSENSUS ACHIEVED: Value 'test_value' chosen with 5/5 accepts
2025-06-04 14:54:00,289 - Acceptor-0 - WARNING - 💥 CRASHED - Node 0 is now offline
2025-06-04 14:54:00,290 - Acceptor-1 - WARNING - 💥 CRASHED - Node 1 is now offline
2025-06-04 14:54:00,290 - Acceptor-2 - WARNING - 💥 CRASHED - Node 2 is now offline
2025-06-04 14:54:00,290 - Proposer-0 - INFO - 🎯 Starting proposal 1 for value 'should_fail'
2025-06-04 14:54:00,291 - Proposer-0 - INFO - 📤 Phase 1: Broadcasting PREPARE(1)
2025-06-04 14:54:00,601 - Acceptor-3 - INFO - 📥 Received PREPARE(1)
2025-06-04 14:54:00,615 - Acceptor-3 - INFO - ✅ PROMISE(1) - Previous: None
2025-06-04 14:54:00,976 - Acceptor-4 - INFO - 📥 Received PREPARE(1)
2025-06-04 14:54:00,988 - Acceptor-4 - INFO - ✅ PROMISE(1) - Previous: None
2025-06-04 14:54:00,988 - Proposer-0 - WARNING - ❌ Phase 1 FAILED: Only 2/5 promises (need 3)
2025-06-04 14:54:00,990 - Proposer-0 - INFO - 🎯 Starting proposal 1 for value 'value_A'
2025-06-04 14:54:00,990 - Proposer-1 - INFO - 🎯 Starting proposal 1001 for value 'value_B'
2025-06-04 14:54:00,990 - Proposer-1 - INFO - 📤 Phase 1: Broadcasting PREPARE(1001)
2025-06-04 14:54:00,990 - Proposer-0 - INFO - 📤 Phase 1: Broadcasting PREPARE(1)
2025-06-04 14:54:00,990 - Proposer-2 - INFO - 🎯 Starting proposal 2001 for value 'value_C'
2025-06-04 14:54:00,991 - Proposer-2 - INFO - 📤 Phase 1: Broadcasting PREPARE(2001)
2025-06-04 14:54:01,454 - Acceptor-0 - INFO - 📥 Received PREPARE(1)
2025-06-04 14:54:01,454 - Acceptor-0 - INFO - 📥 Received PREPARE(1001)
2025-06-04 14:54:01,455 - Acceptor-0 - INFO - 📥 Received PREPARE(2001)
2025-06-04 14:54:01,469 - Acceptor-0 - INFO - ✅ PROMISE(1001) - Previous: None
2025-06-04 14:54:01,469 - Acceptor-0 - INFO - ✅ PROMISE(1) - Previous: None
2025-06-04 14:54:01,470 - Acceptor-0 - INFO - ✅ PROMISE(2001) - Previous: None
2025-06-04 14:54:01,957 - Acceptor-1 - INFO - 📥 Received PREPARE(1001)
2025-06-04 14:54:01,957 - Acceptor-1 - INFO - 📥 Received PREPARE(1)
2025-06-04 14:54:01,958 - Acceptor-1 - INFO - ❌ REJECT PREPARE(1) - Already promised to 1001
2025-06-04 14:54:01,959 - Acceptor-1 - INFO - 📥 Received PREPARE(2001)
2025-06-04 14:54:01,973 - Acceptor-1 - INFO - ✅ PROMISE(1001) - Previous: None
2025-06-04 14:54:01,973 - Acceptor-1 - INFO - ✅ PROMISE(2001) - Previous: None
2025-06-04 14:54:02,443 - Acceptor-2 - INFO - 📥 Received PREPARE(1)
2025-06-04 14:54:02,455 - Acceptor-2 - INFO - 📥 Received PREPARE(1001)
2025-06-04 14:54:02,455 - Acceptor-2 - INFO - 📥 Received PREPARE(2001)
2025-06-04 14:54:02,458 - Acceptor-2 - INFO - ✅ PROMISE(1) - Previous: None
2025-06-04 14:54:02,470 - Acceptor-2 - INFO - ✅ PROMISE(1001) - Previous: None
2025-06-04 14:54:02,471 - Acceptor-2 - INFO - ✅ PROMISE(2001) - Previous: None
2025-06-04 14:54:02,905 - Acceptor-3 - INFO - 📥 Received PREPARE(1)
2025-06-04 14:54:02,919 - Acceptor-3 - INFO - 📥 Received PREPARE(1001)
2025-06-04 14:54:02,919 - Acceptor-3 - INFO - 📥 Received PREPARE(2001)
2025-06-04 14:54:02,919 - Acceptor-3 - INFO - ✅ PROMISE(1) - Previous: None
2025-06-04 14:54:02,934 - Acceptor-3 - INFO - ✅ PROMISE(1001) - Previous: None
2025-06-04 14:54:02,934 - Acceptor-3 - INFO - ✅ PROMISE(2001) - Previous: None
2025-06-04 14:54:03,103 - Acceptor-4 - INFO - 📥 Received PREPARE(1)
2025-06-04 14:54:03,115 - Acceptor-4 - INFO - 📥 Received PREPARE(1001)
2025-06-04 14:54:03,115 - Acceptor-4 - INFO - 📥 Received PREPARE(2001)
2025-06-04 14:54:03,118 - Acceptor-4 - INFO - ✅ PROMISE(1) - Previous: None
2025-06-04 14:54:03,123 - Proposer-0 - INFO - ✅ Phase 1 SUCCESS: Received 4/5 promises
2025-06-04 14:54:03,124 - Proposer-0 - INFO - 📤 Phase 2: Broadcasting ACCEPT(1, 'value_A')
2025-06-04 14:54:03,135 - Acceptor-4 - INFO - ✅ PROMISE(1001) - Previous: None
2025-06-04 14:54:03,135 - Acceptor-4 - INFO - ✅ PROMISE(2001) - Previous: None
2025-06-04 14:54:03,136 - Proposer-1 - INFO - ✅ Phase 1 SUCCESS: Received 5/5 promises
2025-06-04 14:54:03,136 - Proposer-2 - INFO - ✅ Phase 1 SUCCESS: Received 5/5 promises
2025-06-04 14:54:03,136 - Proposer-1 - INFO - 📤 Phase 2: Broadcasting ACCEPT(1001, 'value_B')
2025-06-04 14:54:03,137 - Proposer-2 - INFO - 📤 Phase 2: Broadcasting ACCEPT(2001, 'value_C')
2025-06-04 14:54:03,583 - Acceptor-0 - INFO - 📥 Received ACCEPT(1, 'value_A')
2025-06-04 14:54:03,584 - Acceptor-0 - INFO - ❌ REJECT ACCEPT(1) - Promised to higher 2001
2025-06-04 14:54:03,596 - Acceptor-0 - INFO - 📥 Received ACCEPT(1001, 'value_B')
2025-06-04 14:54:03,596 - Acceptor-0 - INFO - 📥 Received ACCEPT(2001, 'value_C')
2025-06-04 14:54:03,597 - Acceptor-0 - INFO - ❌ REJECT ACCEPT(1001) - Promised to higher 2001
2025-06-04 14:54:03,612 - Acceptor-0 - INFO - ✅ ACCEPTED(2001, 'value_C')
2025-06-04 14:54:04,072 - Acceptor-1 - INFO - 📥 Received ACCEPT(1, 'value_A')
2025-06-04 14:54:04,073 - Acceptor-1 - INFO - ❌ REJECT ACCEPT(1) - Promised to higher 2001
2025-06-04 14:54:04,086 - Acceptor-1 - INFO - 📥 Received ACCEPT(1001, 'value_B')
2025-06-04 14:54:04,087 - Acceptor-1 - INFO - ❌ REJECT ACCEPT(1001) - Promised to higher 2001
2025-06-04 14:54:04,100 - Acceptor-1 - INFO - 📥 Received ACCEPT(2001, 'value_C')
2025-06-04 14:54:04,114 - Acceptor-1 - INFO - ✅ ACCEPTED(2001, 'value_C')
2025-06-04 14:54:04,556 - Acceptor-2 - INFO - 📥 Received ACCEPT(1, 'value_A')
2025-06-04 14:54:04,557 - Acceptor-2 - INFO - ❌ REJECT ACCEPT(1) - Promised to higher 2001
2025-06-04 14:54:04,568 - Acceptor-2 - INFO - 📥 Received ACCEPT(1001, 'value_B')
2025-06-04 14:54:04,568 - Acceptor-2 - INFO - ❌ REJECT ACCEPT(1001) - Promised to higher 2001
2025-06-04 14:54:04,596 - Acceptor-2 - INFO - 📥 Received ACCEPT(2001, 'value_C')
2025-06-04 14:54:04,615 - Acceptor-2 - INFO - ✅ ACCEPTED(2001, 'value_C')
2025-06-04 14:54:05,007 - Acceptor-3 - INFO - 📥 Received ACCEPT(1, 'value_A')
2025-06-04 14:54:05,008 - Acceptor-3 - INFO - ❌ REJECT ACCEPT(1) - Promised to higher 2001
2025-06-04 14:54:05,016 - Acceptor-3 - INFO - 📥 Received ACCEPT(1001, 'value_B')
2025-06-04 14:54:05,016 - Acceptor-3 - INFO - ❌ REJECT ACCEPT(1001) - Promised to higher 2001
2025-06-04 14:54:05,063 - Acceptor-3 - INFO - 📥 Received ACCEPT(2001, 'value_C')
2025-06-04 14:54:05,077 - Acceptor-3 - INFO - ✅ ACCEPTED(2001, 'value_C')
2025-06-04 14:54:05,188 - Acceptor-4 - INFO - 📥 Received ACCEPT(1, 'value_A')
2025-06-04 14:54:05,189 - Acceptor-4 - INFO - ❌ REJECT ACCEPT(1) - Promised to higher 2001
2025-06-04 14:54:05,189 - Proposer-0 - WARNING - ❌ Phase 2 FAILED: Only 0/5 accepts (need 3)
2025-06-04 14:54:05,197 - Acceptor-4 - INFO - 📥 Received ACCEPT(1001, 'value_B')
2025-06-04 14:54:05,197 - Acceptor-4 - INFO - ❌ REJECT ACCEPT(1001) - Promised to higher 2001
2025-06-04 14:54:05,198 - Proposer-1 - WARNING - ❌ Phase 2 FAILED: Only 0/5 accepts (need 3)
2025-06-04 14:54:05,258 - Acceptor-4 - INFO - 📥 Received ACCEPT(2001, 'value_C')
2025-06-04 14:54:05,272 - Acceptor-4 - INFO - ✅ ACCEPTED(2001, 'value_C')
2025-06-04 14:54:05,273 - Proposer-2 - INFO - 🎉 CONSENSUS ACHIEVED: Value 'value_C' chosen with 5/5 accepts
2025-06-04 14:54:05,476 - Acceptor-0 - INFO - 📥 Received PREPARE(100)
2025-06-04 14:54:05,489 - Acceptor-0 - INFO - ✅ PROMISE(100) - Previous: None
2025-06-04 14:54:05,489 - Acceptor-0 - WARNING - 💥 CRASHED - Node 0 is now offline
2025-06-04 14:54:05,492 - Acceptor-0 - INFO - 🔄 RECOVERED - Node 0 is back online
2025-06-04 14:54:05,493 - Acceptor-0 - WARNING - 💥 CRASHED - Node 0 is now offline
2025-06-04 14:54:05,493 - Acceptor-1 - WARNING - 💥 CRASHED - Node 1 is now offline
2025-06-04 14:54:05,494 - Proposer-0 - INFO - 🎯 Starting proposal 1 for value 'partition_A'
2025-06-04 14:54:05,495 - Proposer-1 - INFO - 🎯 Starting proposal 1001 for value 'partition_B'
2025-06-04 14:54:05,495 - Proposer-0 - INFO - 📤 Phase 1: Broadcasting PREPARE(1)
2025-06-04 14:54:05,496 - Proposer-1 - INFO - 📤 Phase 1: Broadcasting PREPARE(1001)
2025-06-04 14:54:05,659 - Acceptor-2 - INFO - 📥 Received PREPARE(1)
2025-06-04 14:54:05,660 - Acceptor-2 - INFO - 📥 Received PREPARE(1001)
2025-06-04 14:54:05,675 - Acceptor-2 - INFO - ✅ PROMISE(1) - Previous: None
2025-06-04 14:54:05,675 - Acceptor-2 - INFO - ✅ PROMISE(1001) - Previous: None
2025-06-04 14:54:05,835 - Acceptor-3 - INFO - 📥 Received PREPARE(1)
2025-06-04 14:54:05,835 - Acceptor-3 - INFO - 📥 Received PREPARE(1001)
2025-06-04 14:54:05,847 - Acceptor-3 - INFO - ✅ PROMISE(1) - Previous: None
2025-06-04 14:54:05,847 - Acceptor-3 - INFO - ✅ PROMISE(1001) - Previous: None
2025-06-04 14:54:06,109 - Acceptor-4 - INFO - 📥 Received PREPARE(1)
2025-06-04 14:54:06,109 - Acceptor-4 - INFO - 📥 Received PREPARE(1001)
2025-06-04 14:54:06,122 - Acceptor-4 - INFO - ✅ PROMISE(1) - Previous: None
2025-06-04 14:54:06,126 - Proposer-0 - INFO - ✅ Phase 1 SUCCESS: Received 3/5 promises
2025-06-04 14:54:06,126 - Proposer-0 - INFO - 📤 Phase 2: Broadcasting ACCEPT(1, 'partition_A')
2025-06-04 14:54:06,123 - Acceptor-4 - INFO - ✅ PROMISE(1001) - Previous: None
2025-06-04 14:54:06,127 - Proposer-1 - INFO - ✅ Phase 1 SUCCESS: Received 3/5 promises
2025-06-04 14:54:06,127 - Proposer-1 - INFO - 📤 Phase 2: Broadcasting ACCEPT(1001, 'partition_B')
2025-06-04 14:54:06,293 - Acceptor-2 - INFO - 📥 Received ACCEPT(1, 'partition_A')
2025-06-04 14:54:06,294 - Acceptor-2 - INFO - ❌ REJECT ACCEPT(1) - Promised to higher 1001
2025-06-04 14:54:06,293 - Acceptor-2 - INFO - 📥 Received ACCEPT(1001, 'partition_B')
2025-06-04 14:54:06,308 - Acceptor-2 - INFO - ✅ ACCEPTED(1001, 'partition_B')
2025-06-04 14:54:06,456 - Acceptor-3 - INFO - 📥 Received ACCEPT(1, 'partition_A')
2025-06-04 14:54:06,456 - Acceptor-3 - INFO - ❌ REJECT ACCEPT(1) - Promised to higher 1001
2025-06-04 14:54:06,471 - Acceptor-3 - INFO - 📥 Received ACCEPT(1001, 'partition_B')
2025-06-04 14:54:06,486 - Acceptor-3 - INFO - ✅ ACCEPTED(1001, 'partition_B')
2025-06-04 14:54:06,719 - Acceptor-4 - INFO - 📥 Received ACCEPT(1, 'partition_A')
2025-06-04 14:54:06,719 - Acceptor-4 - INFO - ❌ REJECT ACCEPT(1) - Promised to higher 1001
2025-06-04 14:54:06,719 - Proposer-0 - WARNING - ❌ Phase 2 FAILED: Only 0/5 accepts (need 3)
2025-06-04 14:54:06,749 - Acceptor-4 - INFO - 📥 Received ACCEPT(1001, 'partition_B')
2025-06-04 14:54:06,763 - Acceptor-4 - INFO - ✅ ACCEPTED(1001, 'partition_B')
2025-06-04 14:54:06,764 - Proposer-1 - INFO - 🎉 CONSENSUS ACHIEVED: Value 'partition_B' chosen with 3/5 accepts
2025-06-04 14:54:06,767 - Proposer-0 - INFO - 🎯 Starting proposal 1 for value 'value_0'
2025-06-04 14:54:06,767 - Proposer-0 - INFO - 📤 Phase 1: Broadcasting PREPARE(1)
2025-06-04 14:54:07,238 - Acceptor-0 - INFO - 📥 Received PREPARE(1)
2025-06-04 14:54:07,253 - Acceptor-0 - INFO - ✅ PROMISE(1) - Previous: None
2025-06-04 14:54:07,560 - Acceptor-1 - INFO - 📥 Received PREPARE(1)
2025-06-04 14:54:07,574 - Acceptor-1 - INFO - ✅ PROMISE(1) - Previous: None
2025-06-04 14:54:07,892 - Acceptor-2 - INFO - 📥 Received PREPARE(1)
2025-06-04 14:54:07,908 - Acceptor-2 - INFO - ✅ PROMISE(1) - Previous: None
2025-06-04 14:54:08,052 - Acceptor-3 - INFO - 📥 Received PREPARE(1)
2025-06-04 14:54:08,065 - Acceptor-3 - INFO - ✅ PROMISE(1) - Previous: None
2025-06-04 14:54:08,527 - Acceptor-4 - INFO - 📥 Received PREPARE(1)
2025-06-04 14:54:08,543 - Acceptor-4 - INFO - ✅ PROMISE(1) - Previous: None
2025-06-04 14:54:09,023 - Acceptor-5 - INFO - 📥 Received PREPARE(1)
2025-06-04 14:54:09,036 - Acceptor-5 - INFO - ✅ PROMISE(1) - Previous: None
2025-06-04 14:54:09,461 - Acceptor-6 - INFO - 📥 Received PREPARE(1)
2025-06-04 14:54:09,474 - Acceptor-6 - INFO - ✅ PROMISE(1) - Previous: None
2025-06-04 14:54:09,475 - Proposer-0 - INFO - ✅ Phase 1 SUCCESS: Received 7/7 promises
2025-06-04 14:54:09,477 - Proposer-0 - INFO - 📤 Phase 2: Broadcasting ACCEPT(1, 'value_0')
2025-06-04 14:54:09,951 - Acceptor-0 - INFO - 📥 Received ACCEPT(1, 'value_0')
2025-06-04 14:54:09,963 - Acceptor-0 - INFO - ✅ ACCEPTED(1, 'value_0')
2025-06-04 14:54:10,271 - Acceptor-1 - INFO - 📥 Received ACCEPT(1, 'value_0')
2025-06-04 14:54:10,283 - Acceptor-1 - INFO - ✅ ACCEPTED(1, 'value_0')
2025-06-04 14:54:10,598 - Acceptor-2 - INFO - 📥 Received ACCEPT(1, 'value_0')
2025-06-04 14:54:10,614 - Acceptor-2 - INFO - ✅ ACCEPTED(1, 'value_0')
2025-06-04 14:54:10,759 - Acceptor-3 - INFO - 📥 Received ACCEPT(1, 'value_0')
2025-06-04 14:54:10,773 - Acceptor-3 - INFO - ✅ ACCEPTED(1, 'value_0')
2025-06-04 14:54:11,236 - Acceptor-4 - INFO - 📥 Received ACCEPT(1, 'value_0')
2025-06-04 14:54:11,251 - Acceptor-4 - INFO - ✅ ACCEPTED(1, 'value_0')
2025-06-04 14:54:11,729 - Acceptor-5 - INFO - 📥 Received ACCEPT(1, 'value_0')
2025-06-04 14:54:11,742 - Acceptor-5 - INFO - ✅ ACCEPTED(1, 'value_0')
2025-06-04 14:54:12,166 - Acceptor-6 - INFO - 📥 Received ACCEPT(1, 'value_0')
2025-06-04 14:54:12,181 - Acceptor-6 - INFO - ✅ ACCEPTED(1, 'value_0')
2025-06-04 14:54:12,182 - Proposer-0 - INFO - 🎉 CONSENSUS ACHIEVED: Value 'value_0' chosen with 7/7 accepts
2025-06-04 14:54:12,288 - Proposer-1 - INFO - 🎯 Starting proposal 1001 for value 'value_1'
2025-06-04 14:54:12,288 - Proposer-1 - INFO - 📤 Phase 1: Broadcasting PREPARE(1001)
2025-06-04 14:54:12,761 - Acceptor-0 - INFO - 📥 Received PREPARE(1001)
2025-06-04 14:54:12,778 - Acceptor-0 - INFO - ✅ PROMISE(1001) - Previous: 1
2025-06-04 14:54:13,086 - Acceptor-1 - INFO - 📥 Received PREPARE(1001)
2025-06-04 14:54:13,099 - Acceptor-1 - INFO - ✅ PROMISE(1001) - Previous: 1
2025-06-04 14:54:13,417 - Acceptor-2 - INFO - 📥 Received PREPARE(1001)
2025-06-04 14:54:13,430 - Acceptor-2 - INFO - ✅ PROMISE(1001) - Previous: 1
2025-06-04 14:54:13,574 - Acceptor-3 - INFO - 📥 Received PREPARE(1001)
2025-06-04 14:54:13,588 - Acceptor-3 - INFO - ✅ PROMISE(1001) - Previous: 1
2025-06-04 14:54:14,049 - Acceptor-4 - INFO - 📥 Received PREPARE(1001)
2025-06-04 14:54:14,063 - Acceptor-4 - INFO - ✅ PROMISE(1001) - Previous: 1
2025-06-04 14:54:14,542 - Acceptor-5 - INFO - 📥 Received PREPARE(1001)
2025-06-04 14:54:14,557 - Acceptor-5 - INFO - ✅ PROMISE(1001) - Previous: 1
2025-06-04 14:54:14,983 - Acceptor-6 - INFO - 📥 Received PREPARE(1001)
2025-06-04 14:54:14,997 - Acceptor-6 - INFO - ✅ PROMISE(1001) - Previous: 1
2025-06-04 14:54:14,998 - Proposer-1 - INFO - ✅ Phase 1 SUCCESS: Received 7/7 promises
2025-06-04 14:54:14,998 - Proposer-1 - INFO - 🔄 Using previously accepted value 'value_0' from proposal 1
2025-06-04 14:54:14,999 - Proposer-1 - INFO - 📤 Phase 2: Broadcasting ACCEPT(1001, 'value_0')
2025-06-04 14:54:15,470 - Acceptor-0 - INFO - 📥 Received ACCEPT(1001, 'value_0')
2025-06-04 14:54:15,483 - Acceptor-0 - INFO - ✅ ACCEPTED(1001, 'value_0')
2025-06-04 14:54:15,791 - Acceptor-1 - INFO - 📥 Received ACCEPT(1001, 'value_0')
2025-06-04 14:54:15,807 - Acceptor-1 - INFO - ✅ ACCEPTED(1001, 'value_0')
2025-06-04 14:54:16,121 - Acceptor-2 - INFO - 📥 Received ACCEPT(1001, 'value_0')
2025-06-04 14:54:16,135 - Acceptor-2 - INFO - ✅ ACCEPTED(1001, 'value_0')
2025-06-04 14:54:16,278 - Acceptor-3 - INFO - 📥 Received ACCEPT(1001, 'value_0')
2025-06-04 14:54:16,293 - Acceptor-3 - INFO - ✅ ACCEPTED(1001, 'value_0')
2025-06-04 14:54:16,755 - Acceptor-4 - INFO - 📥 Received ACCEPT(1001, 'value_0')
2025-06-04 14:54:16,772 - Acceptor-4 - INFO - ✅ ACCEPTED(1001, 'value_0')
2025-06-04 14:54:17,250 - Acceptor-5 - INFO - 📥 Received ACCEPT(1001, 'value_0')
2025-06-04 14:54:17,265 - Acceptor-5 - INFO - ✅ ACCEPTED(1001, 'value_0')
2025-06-04 14:54:17,690 - Acceptor-6 - INFO - 📥 Received ACCEPT(1001, 'value_0')
2025-06-04 14:54:17,703 - Acceptor-6 - INFO - ✅ ACCEPTED(1001, 'value_0')
2025-06-04 14:54:17,704 - Proposer-1 - INFO - 🎉 CONSENSUS ACHIEVED: Value 'value_0' chosen with 7/7 accepts
2025-06-04 14:54:17,805 - Proposer-2 - INFO - 🎯 Starting proposal 2001 for value 'value_2'
2025-06-04 14:54:17,806 - Proposer-2 - INFO - 📤 Phase 1: Broadcasting PREPARE(2001)
2025-06-04 14:54:18,279 - Acceptor-0 - INFO - 📥 Received PREPARE(2001)
2025-06-04 14:54:18,296 - Acceptor-0 - INFO - ✅ PROMISE(2001) - Previous: 1001
2025-06-04 14:54:18,603 - Acceptor-1 - INFO - 📥 Received PREPARE(2001)
2025-06-04 14:54:18,617 - Acceptor-1 - INFO - ✅ PROMISE(2001) - Previous: 1001
